# JRE version: Java(TM) SE Runtime Environment (8.0_321-b07) (build 1.8.0_321-b07)
# Java VM: Java HotSpot(TM) 64-Bit Server VM (25.321-b07 mixed mode windows-amd64 compressed oops)
Heap:
 PSYoungGen      total 148480K, used 33553K [0x00000000eab00000, 0x00000000f4d00000, 0x0000000100000000)
  eden space 131072K, 18% used [0x00000000eab00000,0x00000000ec21a5c0,0x00000000f2b00000)
  from space 17408K, 56% used [0x00000000f2b00000,0x00000000f34aa068,0x00000000f3c00000)
  to   space 17408K, 0% used [0x00000000f3c00000,0x00000000f3c00000,0x00000000f4d00000)
 ParOldGen       total 84992K, used 21891K [0x00000000c0000000, 0x00000000c5300000, 0x00000000eab00000)
  object space 84992K, 25% used [0x00000000c0000000,0x00000000c1560ec8,0x00000000c5300000)
 Metaspace       used 25666K, capacity 26466K, committed 26496K, reserved 1073152K
  class space    used 2970K, capacity 3193K, committed 3200K, reserved 1048576K
GC Heap History (10 events):
Event: 1.666 GC heap before
{Heap before GC invocations=4 (full 0):
 PSYoungGen      total 37888K, used 37856K [0x00000000eab00000, 0x00000000ef500000, 0x0000000100000000)
  eden space 32768K, 100% used [0x00000000eab00000,0x00000000ecb00000,0x00000000ecb00000)
  from space 5120K, 99% used [0x00000000ecb00000,0x00000000ecff8040,0x00000000ed000000)
  to   space 5120K, 0% used [0x00000000ef000000,0x00000000ef000000,0x00000000ef500000)
 ParOldGen       total 86016K, used 17862K [0x00000000c0000000, 0x00000000c5400000, 0x00000000eab00000)
  object space 86016K, 20% used [0x00000000c0000000,0x00000000c1171ac8,0x00000000c5400000)
 Metaspace       used 14269K, capacity 14370K, committed 14592K, reserved 1062912K
  class space    used 1429K, capacity 1461K, committed 1536K, reserved 1048576K
Event: 1.676 GC heap after
Heap after GC invocations=4 (full 0):
 PSYoungGen      total 70656K, used 5088K [0x00000000eab00000, 0x00000000ef500000, 0x0000000100000000)
  eden space 65536K, 0% used [0x00000000eab00000,0x00000000eab00000,0x00000000eeb00000)
  from space 5120K, 99% used [0x00000000ef000000,0x00000000ef4f8040,0x00000000ef500000)
  to   space 5120K, 0% used [0x00000000eeb00000,0x00000000eeb00000,0x00000000ef000000)
 ParOldGen       total 86016K, used 23431K [0x00000000c0000000, 0x00000000c5400000, 0x00000000eab00000)
  object space 86016K, 27% used [0x00000000c0000000,0x00000000c16e1cd8,0x00000000c5400000)
 Metaspace       used 14269K, capacity 14370K, committed 14592K, reserved 1062912K
  class space    used 1429K, capacity 1461K, committed 1536K, reserved 1048576K
}
Event: 2.961 GC heap before
{Heap before GC invocations=5 (full 0):
 PSYoungGen      total 70656K, used 70624K [0x00000000eab00000, 0x00000000ef500000, 0x0000000100000000)
  eden space 65536K, 100% used [0x00000000eab00000,0x00000000eeb00000,0x00000000eeb00000)
  from space 5120K, 99% used [0x00000000ef000000,0x00000000ef4f8040,0x00000000ef500000)
  to   space 5120K, 0% used [0x00000000eeb00000,0x00000000eeb00000,0x00000000ef000000)
 ParOldGen       total 86016K, used 23431K [0x00000000c0000000, 0x00000000c5400000, 0x00000000eab00000)
  object space 86016K, 27% used [0x00000000c0000000,0x00000000c16e1cd8,0x00000000c5400000)
 Metaspace       used 19947K, capacity 20250K, committed 20480K, reserved 1067008K
  class space    used 2166K, capacity 2271K, committed 2304K, reserved 1048576K
Event: 2.974 GC heap after
Heap after GC invocations=5 (full 0):
 PSYoungGen      total 70656K, used 5104K [0x00000000eab00000, 0x00000000f4d00000, 0x0000000100000000)
  eden space 65536K, 0% used [0x00000000eab00000,0x00000000eab00000,0x00000000eeb00000)
  from space 5120K, 99% used [0x00000000eeb00000,0x00000000eeffc050,0x00000000ef000000)
  to   space 17408K, 0% used [0x00000000f3c00000,0x00000000f3c00000,0x00000000f4d00000)
 ParOldGen       total 86016K, used 32969K [0x00000000c0000000, 0x00000000c5400000, 0x00000000eab00000)
  object space 86016K, 38% used [0x00000000c0000000,0x00000000c2032738,0x00000000c5400000)
 Metaspace       used 19947K, capacity 20250K, committed 20480K, reserved 1067008K
  class space    used 2166K, capacity 2271K, committed 2304K, reserved 1048576K
}
Event: 3.511 GC heap before
{Heap before GC invocations=6 (full 0):
 PSYoungGen      total 70656K, used 18179K [0x00000000eab00000, 0x00000000f4d00000, 0x0000000100000000)
  eden space 65536K, 19% used [0x00000000eab00000,0x00000000eb7c4bd0,0x00000000eeb00000)
  from space 5120K, 99% used [0x00000000eeb00000,0x00000000eeffc050,0x00000000ef000000)
  to   space 17408K, 0% used [0x00000000f3c00000,0x00000000f3c00000,0x00000000f4d00000)
 ParOldGen       total 86016K, used 32969K [0x00000000c0000000, 0x00000000c5400000, 0x00000000eab00000)
  object space 86016K, 38% used [0x00000000c0000000,0x00000000c2032738,0x00000000c5400000)
 Metaspace       used 20831K, capacity 21104K, committed 21296K, reserved 1069056K
  class space    used 2258K, capacity 2376K, committed 2432K, reserved 1048576K
Event: 3.522 GC heap after
Heap after GC invocations=6 (full 0):
 PSYoungGen      total 148480K, used 7638K [0x00000000eab00000, 0x00000000f4d00000, 0x0000000100000000)
  eden space 131072K, 0% used [0x00000000eab00000,0x00000000eab00000,0x00000000f2b00000)
  from space 17408K, 43% used [0x00000000f3c00000,0x00000000f4375b68,0x00000000f4d00000)
  to   space 17408K, 0% used [0x00000000f2b00000,0x00000000f2b00000,0x00000000f3c00000)
 ParOldGen       total 86016K, used 32977K [0x00000000c0000000, 0x00000000c5400000, 0x00000000eab00000)
  object space 86016K, 38% used [0x00000000c0000000,0x00000000c2034738,0x00000000c5400000)
 Metaspace       used 20831K, capacity 21104K, committed 21296K, reserved 1069056K
  class space    used 2258K, capacity 2376K, committed 2432K, reserved 1048576K
}
Event: 3.522 GC heap before
{Heap before GC invocations=7 (full 1):
 PSYoungGen      total 148480K, used 7638K [0x00000000eab00000, 0x00000000f4d00000, 0x0000000100000000)
  eden space 131072K, 0% used [0x00000000eab00000,0x00000000eab00000,0x00000000f2b00000)
  from space 17408K, 43% used [0x00000000f3c00000,0x00000000f4375b68,0x00000000f4d00000)
  to   space 17408K, 0% used [0x00000000f2b00000,0x00000000f2b00000,0x00000000f3c00000)
 ParOldGen       total 86016K, used 32977K [0x00000000c0000000, 0x00000000c5400000, 0x00000000eab00000)
  object space 86016K, 38% used [0x00000000c0000000,0x00000000c2034738,0x00000000c5400000)
 Metaspace       used 20831K, capacity 21104K, committed 21296K, reserved 1069056K
  class space    used 2258K, capacity 2376K, committed 2432K, reserved 1048576K
Event: 3.611 GC heap after
Heap after GC invocations=7 (full 1):
 PSYoungGen      total 148480K, used 0K [0x00000000eab00000, 0x00000000f4d00000, 0x0000000100000000)
  eden space 131072K, 0% used [0x00000000eab00000,0x00000000eab00000,0x00000000f2b00000)
  from space 17408K, 0% used [0x00000000f3c00000,0x00000000f3c00000,0x00000000f4d00000)
  to   space 17408K, 0% used [0x00000000f2b00000,0x00000000f2b00000,0x00000000f3c00000)
 ParOldGen       total 84992K, used 21883K [0x00000000c0000000, 0x00000000c5300000, 0x00000000eab00000)
  object space 84992K, 25% used [0x00000000c0000000,0x00000000c155eec8,0x00000000c5300000)
 Metaspace       used 20831K, capacity 21104K, committed 21296K, reserved 1069056K
  class space    used 2258K, capacity 2376K, committed 2432K, reserved 1048576K
}
Event: 17.585 GC heap before
{Heap before GC invocations=8 (full 1):
 PSYoungGen      total 148480K, used 131072K [0x00000000eab00000, 0x00000000f4d00000, 0x0000000100000000)
  eden space 131072K, 100% used [0x00000000eab00000,0x00000000f2b00000,0x00000000f2b00000)
  from space 17408K, 0% used [0x00000000f3c00000,0x00000000f3c00000,0x00000000f4d00000)
  to   space 17408K, 0% used [0x00000000f2b00000,0x00000000f2b00000,0x00000000f3c00000)
 ParOldGen       total 84992K, used 21883K [0x00000000c0000000, 0x00000000c5300000, 0x00000000eab00000)
  object space 84992K, 25% used [0x00000000c0000000,0x00000000c155eec8,0x00000000c5300000)
 Metaspace       used 25294K, capacity 26070K, committed 26240K, reserved 1073152K
  class space    used 2913K, capacity 3147K, committed 3200K, reserved 1048576K
Event: 17.593 GC heap after
Heap after GC invocations=8 (full 1):
 PSYoungGen      total 148480K, used 9896K [0x00000000eab00000, 0x00000000f4d00000, 0x0000000100000000)
  eden space 131072K, 0% used [0x00000000eab00000,0x00000000eab00000,0x00000000f2b00000)
  from space 17408K, 56% used [0x00000000f2b00000,0x00000000f34aa068,0x00000000f3c00000)
  to   space 17408K, 0% used [0x00000000f3c00000,0x00000000f3c00000,0x00000000f4d00000)
 ParOldGen       total 84992K, used 21891K [0x00000000c0000000, 0x00000000c5300000, 0x00000000eab00000)
  object space 84992K, 25% used [0x00000000c0000000,0x00000000c1560ec8,0x00000000c5300000)
 Metaspace       used 25294K, capacity 26070K, committed 26240K, reserved 1073152K
  class space    used 2913K, capacity 3147K, committed 3200K, reserved 1048576K
}

