# JRE version: Java(TM) SE Runtime Environment (8.0_321-b07) (build 1.8.0_321-b07)
# Java VM: Java HotSpot(TM) 64-Bit Server VM (25.321-b07 mixed mode windows-amd64 compressed oops)
Heap:
 PSYoungGen      total 144896K, used 79412K [0x00000000eab00000, 0x00000000f4700000, 0x0000000100000000)
  eden space 131072K, 60% used [0x00000000eab00000,0x00000000ef88d188,0x00000000f2b00000)
  from space 13824K, 0% used [0x00000000f3980000,0x00000000f3980000,0x00000000f4700000)
  to   space 14336K, 0% used [0x00000000f2b00000,0x00000000f2b00000,0x00000000f3900000)
 ParOldGen       total 81408K, used 21902K [0x00000000c0000000, 0x00000000c4f80000, 0x00000000eab00000)
  object space 81408K, 26% used [0x00000000c0000000,0x00000000c15638f8,0x00000000c4f80000)
 Metaspace       used 24644K, capacity 25338K, committed 25600K, reserved 1071104K
  class space    used 2826K, capacity 3015K, committed 3072K, reserved 1048576K
GC Heap History (10 events):
Event: 1.479 GC heap before
{Heap before GC invocations=3 (full 0):
 PSYoungGen      total 37888K, used 37872K [0x00000000eab00000, 0x00000000ef500000, 0x0000000100000000)
  eden space 32768K, 100% used [0x00000000eab00000,0x00000000ecb00000,0x00000000ecb00000)
  from space 5120K, 99% used [0x00000000ed000000,0x00000000ed4fc080,0x00000000ed500000)
  to   space 5120K, 0% used [0x00000000ecb00000,0x00000000ecb00000,0x00000000ed000000)
 ParOldGen       total 86016K, used 6636K [0x00000000c0000000, 0x00000000c5400000, 0x00000000eab00000)
  object space 86016K, 7% used [0x00000000c0000000,0x00000000c067b038,0x00000000c5400000)
 Metaspace       used 13014K, capacity 13090K, committed 13440K, reserved 1060864K
  class space    used 1285K, capacity 1333K, committed 1408K, reserved 1048576K
Event: 1.487 GC heap after
Heap after GC invocations=3 (full 0):
 PSYoungGen      total 37888K, used 5092K [0x00000000eab00000, 0x00000000ef500000, 0x0000000100000000)
  eden space 32768K, 0% used [0x00000000eab00000,0x00000000eab00000,0x00000000ecb00000)
  from space 5120K, 99% used [0x00000000ecb00000,0x00000000ecff90c0,0x00000000ed000000)
  to   space 5120K, 0% used [0x00000000ef000000,0x00000000ef000000,0x00000000ef500000)
 ParOldGen       total 86016K, used 12131K [0x00000000c0000000, 0x00000000c5400000, 0x00000000eab00000)
  object space 86016K, 14% used [0x00000000c0000000,0x00000000c0bd8cf8,0x00000000c5400000)
 Metaspace       used 13014K, capacity 13090K, committed 13440K, reserved 1060864K
  class space    used 1285K, capacity 1333K, committed 1408K, reserved 1048576K
}
Event: 1.681 GC heap before
{Heap before GC invocations=4 (full 0):
 PSYoungGen      total 37888K, used 37860K [0x00000000eab00000, 0x00000000ef500000, 0x0000000100000000)
  eden space 32768K, 100% used [0x00000000eab00000,0x00000000ecb00000,0x00000000ecb00000)
  from space 5120K, 99% used [0x00000000ecb00000,0x00000000ecff90c0,0x00000000ed000000)
  to   space 5120K, 0% used [0x00000000ef000000,0x00000000ef000000,0x00000000ef500000)
 ParOldGen       total 86016K, used 12131K [0x00000000c0000000, 0x00000000c5400000, 0x00000000eab00000)
  object space 86016K, 14% used [0x00000000c0000000,0x00000000c0bd8cf8,0x00000000c5400000)
 Metaspace       used 14249K, capacity 14370K, committed 14592K, reserved 1062912K
  class space    used 1423K, capacity 1461K, committed 1536K, reserved 1048576K
Event: 1.688 GC heap after
Heap after GC invocations=4 (full 0):
 PSYoungGen      total 70656K, used 5088K [0x00000000eab00000, 0x00000000ef500000, 0x0000000100000000)
  eden space 65536K, 0% used [0x00000000eab00000,0x00000000eab00000,0x00000000eeb00000)
  from space 5120K, 99% used [0x00000000ef000000,0x00000000ef4f8020,0x00000000ef500000)
  to   space 5120K, 0% used [0x00000000eeb00000,0x00000000eeb00000,0x00000000ef000000)
 ParOldGen       total 86016K, used 15393K [0x00000000c0000000, 0x00000000c5400000, 0x00000000eab00000)
  object space 86016K, 17% used [0x00000000c0000000,0x00000000c0f087a0,0x00000000c5400000)
 Metaspace       used 14249K, capacity 14370K, committed 14592K, reserved 1062912K
  class space    used 1423K, capacity 1461K, committed 1536K, reserved 1048576K
}
Event: 2.740 GC heap before
{Heap before GC invocations=5 (full 0):
 PSYoungGen      total 70656K, used 70624K [0x00000000eab00000, 0x00000000ef500000, 0x0000000100000000)
  eden space 65536K, 100% used [0x00000000eab00000,0x00000000eeb00000,0x00000000eeb00000)
  from space 5120K, 99% used [0x00000000ef000000,0x00000000ef4f8020,0x00000000ef500000)
  to   space 5120K, 0% used [0x00000000eeb00000,0x00000000eeb00000,0x00000000ef000000)
 ParOldGen       total 86016K, used 15393K [0x00000000c0000000, 0x00000000c5400000, 0x00000000eab00000)
  object space 86016K, 17% used [0x00000000c0000000,0x00000000c0f087a0,0x00000000c5400000)
 Metaspace       used 18827K, capacity 19086K, committed 19328K, reserved 1067008K
  class space    used 2042K, capacity 2139K, committed 2176K, reserved 1048576K
Event: 2.755 GC heap after
Heap after GC invocations=5 (full 0):
 PSYoungGen      total 70656K, used 5088K [0x00000000eab00000, 0x00000000f4800000, 0x0000000100000000)
  eden space 65536K, 0% used [0x00000000eab00000,0x00000000eab00000,0x00000000eeb00000)
  from space 5120K, 99% used [0x00000000eeb00000,0x00000000eeff8040,0x00000000ef000000)
  to   space 14848K, 0% used [0x00000000f3980000,0x00000000f3980000,0x00000000f4800000)
 ParOldGen       total 86016K, used 23563K [0x00000000c0000000, 0x00000000c5400000, 0x00000000eab00000)
  object space 86016K, 27% used [0x00000000c0000000,0x00000000c1702f50,0x00000000c5400000)
 Metaspace       used 18827K, capacity 19086K, committed 19328K, reserved 1067008K
  class space    used 2042K, capacity 2139K, committed 2176K, reserved 1048576K
}
Event: 3.456 GC heap before
{Heap before GC invocations=6 (full 0):
 PSYoungGen      total 70656K, used 20758K [0x00000000eab00000, 0x00000000f4800000, 0x0000000100000000)
  eden space 65536K, 23% used [0x00000000eab00000,0x00000000eba4db10,0x00000000eeb00000)
  from space 5120K, 99% used [0x00000000eeb00000,0x00000000eeff8040,0x00000000ef000000)
  to   space 14848K, 0% used [0x00000000f3980000,0x00000000f3980000,0x00000000f4800000)
 ParOldGen       total 86016K, used 23563K [0x00000000c0000000, 0x00000000c5400000, 0x00000000eab00000)
  object space 86016K, 27% used [0x00000000c0000000,0x00000000c1702f50,0x00000000c5400000)
 Metaspace       used 20829K, capacity 21104K, committed 21296K, reserved 1069056K
  class space    used 2253K, capacity 2376K, committed 2432K, reserved 1048576K
Event: 3.465 GC heap after
Heap after GC invocations=6 (full 0):
 PSYoungGen      total 144896K, used 7765K [0x00000000eab00000, 0x00000000f4700000, 0x0000000100000000)
  eden space 131072K, 0% used [0x00000000eab00000,0x00000000eab00000,0x00000000f2b00000)
  from space 13824K, 56% used [0x00000000f3980000,0x00000000f4115798,0x00000000f4700000)
  to   space 14336K, 0% used [0x00000000f2b00000,0x00000000f2b00000,0x00000000f3900000)
 ParOldGen       total 86016K, used 23571K [0x00000000c0000000, 0x00000000c5400000, 0x00000000eab00000)
  object space 86016K, 27% used [0x00000000c0000000,0x00000000c1704f50,0x00000000c5400000)
 Metaspace       used 20829K, capacity 21104K, committed 21296K, reserved 1069056K
  class space    used 2253K, capacity 2376K, committed 2432K, reserved 1048576K
}
Event: 3.466 GC heap before
{Heap before GC invocations=7 (full 1):
 PSYoungGen      total 144896K, used 7765K [0x00000000eab00000, 0x00000000f4700000, 0x0000000100000000)
  eden space 131072K, 0% used [0x00000000eab00000,0x00000000eab00000,0x00000000f2b00000)
  from space 13824K, 56% used [0x00000000f3980000,0x00000000f4115798,0x00000000f4700000)
  to   space 14336K, 0% used [0x00000000f2b00000,0x00000000f2b00000,0x00000000f3900000)
 ParOldGen       total 86016K, used 23571K [0x00000000c0000000, 0x00000000c5400000, 0x00000000eab00000)
  object space 86016K, 27% used [0x00000000c0000000,0x00000000c1704f50,0x00000000c5400000)
 Metaspace       used 20829K, capacity 21104K, committed 21296K, reserved 1069056K
  class space    used 2253K, capacity 2376K, committed 2432K, reserved 1048576K
Event: 3.526 GC heap after
Heap after GC invocations=7 (full 1):
 PSYoungGen      total 144896K, used 0K [0x00000000eab00000, 0x00000000f4700000, 0x0000000100000000)
  eden space 131072K, 0% used [0x00000000eab00000,0x00000000eab00000,0x00000000f2b00000)
  from space 13824K, 0% used [0x00000000f3980000,0x00000000f3980000,0x00000000f4700000)
  to   space 14336K, 0% used [0x00000000f2b00000,0x00000000f2b00000,0x00000000f3900000)
 ParOldGen       total 81408K, used 21902K [0x00000000c0000000, 0x00000000c4f80000, 0x00000000eab00000)
  object space 81408K, 26% used [0x00000000c0000000,0x00000000c15638f8,0x00000000c4f80000)
 Metaspace       used 20829K, capacity 21104K, committed 21296K, reserved 1069056K
  class space    used 2253K, capacity 2376K, committed 2432K, reserved 1048576K
}

