# JRE version: Java(TM) SE Runtime Environment (8.0_321-b07) (build 1.8.0_321-b07)
# Java VM: Java HotSpot(TM) 64-Bit Server VM (25.321-b07 mixed mode windows-amd64 compressed oops)
Heap:
 PSYoungGen      total 150528K, used 72024K [0x00000000eab00000, 0x00000000f5100000, 0x0000000100000000)
  eden space 131072K, 54% used [0x00000000eab00000,0x00000000ef156268,0x00000000f2b00000)
  from space 19456K, 0% used [0x00000000f3e00000,0x00000000f3e00000,0x00000000f5100000)
  to   space 19456K, 0% used [0x00000000f2b00000,0x00000000f2b00000,0x00000000f3e00000)
 ParOldGen       total 81920K, used 22631K [0x00000000c0000000, 0x00000000c5000000, 0x00000000eab00000)
  object space 81920K, 27% used [0x00000000c0000000,0x00000000c1619e00,0x00000000c5000000)
 Metaspace       used 24275K, capacity 25000K, committed 25344K, reserved 1071104K
  class space    used 2776K, capacity 2970K, committed 3072K, reserved 1048576K
GC Heap History (10 events):
Event: 1.252 GC heap before
{Heap before GC invocations=3 (full 0):
 PSYoungGen      total 37888K, used 37878K [0x00000000eab00000, 0x00000000ef500000, 0x0000000100000000)
  eden space 32768K, 100% used [0x00000000eab00000,0x00000000ecb00000,0x00000000ecb00000)
  from space 5120K, 99% used [0x00000000ed000000,0x00000000ed4fda90,0x00000000ed500000)
  to   space 5120K, 0% used [0x00000000ecb00000,0x00000000ecb00000,0x00000000ed000000)
 ParOldGen       total 86016K, used 6923K [0x00000000c0000000, 0x00000000c5400000, 0x00000000eab00000)
  object space 86016K, 8% used [0x00000000c0000000,0x00000000c06c2d90,0x00000000c5400000)
 Metaspace       used 12948K, capacity 13026K, committed 13184K, reserved 1060864K
  class space    used 1285K, capacity 1333K, committed 1408K, reserved 1048576K
Event: 1.264 GC heap after
Heap after GC invocations=3 (full 0):
 PSYoungGen      total 37888K, used 5088K [0x00000000eab00000, 0x00000000ef500000, 0x0000000100000000)
  eden space 32768K, 0% used [0x00000000eab00000,0x00000000eab00000,0x00000000ecb00000)
  from space 5120K, 99% used [0x00000000ecb00000,0x00000000ecff8050,0x00000000ed000000)
  to   space 5120K, 0% used [0x00000000ef000000,0x00000000ef000000,0x00000000ef500000)
 ParOldGen       total 86016K, used 17745K [0x00000000c0000000, 0x00000000c5400000, 0x00000000eab00000)
  object space 86016K, 20% used [0x00000000c0000000,0x00000000c11547d8,0x00000000c5400000)
 Metaspace       used 12948K, capacity 13026K, committed 13184K, reserved 1060864K
  class space    used 1285K, capacity 1333K, committed 1408K, reserved 1048576K
}
Event: 1.505 GC heap before
{Heap before GC invocations=4 (full 0):
 PSYoungGen      total 37888K, used 37856K [0x00000000eab00000, 0x00000000ef500000, 0x0000000100000000)
  eden space 32768K, 100% used [0x00000000eab00000,0x00000000ecb00000,0x00000000ecb00000)
  from space 5120K, 99% used [0x00000000ecb00000,0x00000000ecff8050,0x00000000ed000000)
  to   space 5120K, 0% used [0x00000000ef000000,0x00000000ef000000,0x00000000ef500000)
 ParOldGen       total 86016K, used 17745K [0x00000000c0000000, 0x00000000c5400000, 0x00000000eab00000)
  object space 86016K, 20% used [0x00000000c0000000,0x00000000c11547d8,0x00000000c5400000)
 Metaspace       used 14243K, capacity 14370K, committed 14592K, reserved 1062912K
  class space    used 1428K, capacity 1461K, committed 1536K, reserved 1048576K
Event: 1.516 GC heap after
Heap after GC invocations=4 (full 0):
 PSYoungGen      total 70656K, used 5104K [0x00000000eab00000, 0x00000000ef500000, 0x0000000100000000)
  eden space 65536K, 0% used [0x00000000eab00000,0x00000000eab00000,0x00000000eeb00000)
  from space 5120K, 99% used [0x00000000ef000000,0x00000000ef4fc030,0x00000000ef500000)
  to   space 5120K, 0% used [0x00000000eeb00000,0x00000000eeb00000,0x00000000ef000000)
 ParOldGen       total 86016K, used 25461K [0x00000000c0000000, 0x00000000c5400000, 0x00000000eab00000)
  object space 86016K, 29% used [0x00000000c0000000,0x00000000c18dd7f0,0x00000000c5400000)
 Metaspace       used 14243K, capacity 14370K, committed 14592K, reserved 1062912K
  class space    used 1428K, capacity 1461K, committed 1536K, reserved 1048576K
}
Event: 2.658 GC heap before
{Heap before GC invocations=5 (full 0):
 PSYoungGen      total 70656K, used 70640K [0x00000000eab00000, 0x00000000ef500000, 0x0000000100000000)
  eden space 65536K, 100% used [0x00000000eab00000,0x00000000eeb00000,0x00000000eeb00000)
  from space 5120K, 99% used [0x00000000ef000000,0x00000000ef4fc030,0x00000000ef500000)
  to   space 5120K, 0% used [0x00000000eeb00000,0x00000000eeb00000,0x00000000ef000000)
 ParOldGen       total 86016K, used 25461K [0x00000000c0000000, 0x00000000c5400000, 0x00000000eab00000)
  object space 86016K, 29% used [0x00000000c0000000,0x00000000c18dd7f0,0x00000000c5400000)
 Metaspace       used 20023K, capacity 20326K, committed 20480K, reserved 1067008K
  class space    used 2172K, capacity 2273K, committed 2304K, reserved 1048576K
Event: 2.682 GC heap after
Heap after GC invocations=5 (full 0):
 PSYoungGen      total 70656K, used 5088K [0x00000000eab00000, 0x00000000f5100000, 0x0000000100000000)
  eden space 65536K, 0% used [0x00000000eab00000,0x00000000eab00000,0x00000000eeb00000)
  from space 5120K, 99% used [0x00000000eeb00000,0x00000000eeff8060,0x00000000ef000000)
  to   space 19456K, 0% used [0x00000000f3e00000,0x00000000f3e00000,0x00000000f5100000)
 ParOldGen       total 86016K, used 35449K [0x00000000c0000000, 0x00000000c5400000, 0x00000000eab00000)
  object space 86016K, 41% used [0x00000000c0000000,0x00000000c229e700,0x00000000c5400000)
 Metaspace       used 20023K, capacity 20326K, committed 20480K, reserved 1067008K
  class space    used 2172K, capacity 2273K, committed 2304K, reserved 1048576K
}
Event: 3.069 GC heap before
{Heap before GC invocations=6 (full 0):
 PSYoungGen      total 70656K, used 18902K [0x00000000eab00000, 0x00000000f5100000, 0x0000000100000000)
  eden space 65536K, 21% used [0x00000000eab00000,0x00000000eb87da98,0x00000000eeb00000)
  from space 5120K, 99% used [0x00000000eeb00000,0x00000000eeff8060,0x00000000ef000000)
  to   space 19456K, 0% used [0x00000000f3e00000,0x00000000f3e00000,0x00000000f5100000)
 ParOldGen       total 86016K, used 35449K [0x00000000c0000000, 0x00000000c5400000, 0x00000000eab00000)
  object space 86016K, 41% used [0x00000000c0000000,0x00000000c229e700,0x00000000c5400000)
 Metaspace       used 20835K, capacity 21104K, committed 21296K, reserved 1069056K
  class space    used 2257K, capacity 2376K, committed 2432K, reserved 1048576K
Event: 3.077 GC heap after
Heap after GC invocations=6 (full 0):
 PSYoungGen      total 150528K, used 7443K [0x00000000eab00000, 0x00000000f5100000, 0x0000000100000000)
  eden space 131072K, 0% used [0x00000000eab00000,0x00000000eab00000,0x00000000f2b00000)
  from space 19456K, 38% used [0x00000000f3e00000,0x00000000f4544dd0,0x00000000f5100000)
  to   space 19456K, 0% used [0x00000000f2b00000,0x00000000f2b00000,0x00000000f3e00000)
 ParOldGen       total 86016K, used 35457K [0x00000000c0000000, 0x00000000c5400000, 0x00000000eab00000)
  object space 86016K, 41% used [0x00000000c0000000,0x00000000c22a0700,0x00000000c5400000)
 Metaspace       used 20835K, capacity 21104K, committed 21296K, reserved 1069056K
  class space    used 2257K, capacity 2376K, committed 2432K, reserved 1048576K
}
Event: 3.077 GC heap before
{Heap before GC invocations=7 (full 1):
 PSYoungGen      total 150528K, used 7443K [0x00000000eab00000, 0x00000000f5100000, 0x0000000100000000)
  eden space 131072K, 0% used [0x00000000eab00000,0x00000000eab00000,0x00000000f2b00000)
  from space 19456K, 38% used [0x00000000f3e00000,0x00000000f4544dd0,0x00000000f5100000)
  to   space 19456K, 0% used [0x00000000f2b00000,0x00000000f2b00000,0x00000000f3e00000)
 ParOldGen       total 86016K, used 35457K [0x00000000c0000000, 0x00000000c5400000, 0x00000000eab00000)
  object space 86016K, 41% used [0x00000000c0000000,0x00000000c22a0700,0x00000000c5400000)
 Metaspace       used 20835K, capacity 21104K, committed 21296K, reserved 1069056K
  class space    used 2257K, capacity 2376K, committed 2432K, reserved 1048576K
Event: 3.119 GC heap after
Heap after GC invocations=7 (full 1):
 PSYoungGen      total 150528K, used 0K [0x00000000eab00000, 0x00000000f5100000, 0x0000000100000000)
  eden space 131072K, 0% used [0x00000000eab00000,0x00000000eab00000,0x00000000f2b00000)
  from space 19456K, 0% used [0x00000000f3e00000,0x00000000f3e00000,0x00000000f5100000)
  to   space 19456K, 0% used [0x00000000f2b00000,0x00000000f2b00000,0x00000000f3e00000)
 ParOldGen       total 81920K, used 22631K [0x00000000c0000000, 0x00000000c5000000, 0x00000000eab00000)
  object space 81920K, 27% used [0x00000000c0000000,0x00000000c1619e00,0x00000000c5000000)
 Metaspace       used 20835K, capacity 21104K, committed 21296K, reserved 1069056K
  class space    used 2257K, capacity 2376K, committed 2432K, reserved 1048576K
}

