# JRE version: Java(TM) SE Runtime Environment (8.0_321-b07) (build 1.8.0_321-b07)
# Java VM: Java HotSpot(TM) 64-Bit Server VM (25.321-b07 mixed mode windows-amd64 compressed oops)
Heap:
 PSYoungGen      total 150528K, used 76788K [0x00000000eab00000, 0x00000000f5200000, 0x0000000100000000)
  eden space 131072K, 58% used [0x00000000eab00000,0x00000000ef5fd3d8,0x00000000f2b00000)
  from space 19456K, 0% used [0x00000000f3f00000,0x00000000f3f00000,0x00000000f5200000)
  to   space 19968K, 0% used [0x00000000f2b00000,0x00000000f2b00000,0x00000000f3e80000)
 ParOldGen       total 86528K, used 21545K [0x00000000c0000000, 0x00000000c5480000, 0x00000000eab00000)
  object space 86528K, 24% used [0x00000000c0000000,0x00000000c150a488,0x00000000c5480000)
 Metaspace       used 24286K, capacity 25000K, committed 25344K, reserved 1071104K
  class space    used 2779K, capacity 2970K, committed 3072K, reserved 1048576K
GC Heap History (10 events):
Event: 1.204 GC heap before
{Heap before GC invocations=3 (full 0):
 PSYoungGen      total 37888K, used 37887K [0x00000000eab00000, 0x00000000ef500000, 0x0000000100000000)
  eden space 32768K, 100% used [0x00000000eab00000,0x00000000ecb00000,0x00000000ecb00000)
  from space 5120K, 99% used [0x00000000ed000000,0x00000000ed4ffc98,0x00000000ed500000)
  to   space 5120K, 0% used [0x00000000ecb00000,0x00000000ecb00000,0x00000000ed000000)
 ParOldGen       total 86016K, used 6869K [0x00000000c0000000, 0x00000000c5400000, 0x00000000eab00000)
  object space 86016K, 7% used [0x00000000c0000000,0x00000000c06b55a8,0x00000000c5400000)
 Metaspace       used 12910K, capacity 13026K, committed 13184K, reserved 1060864K
  class space    used 1284K, capacity 1333K, committed 1408K, reserved 1048576K
Event: 1.213 GC heap after
Heap after GC invocations=3 (full 0):
 PSYoungGen      total 37888K, used 5104K [0x00000000eab00000, 0x00000000ef500000, 0x0000000100000000)
  eden space 32768K, 0% used [0x00000000eab00000,0x00000000eab00000,0x00000000ecb00000)
  from space 5120K, 99% used [0x00000000ecb00000,0x00000000ecffc070,0x00000000ed000000)
  to   space 5120K, 0% used [0x00000000ef000000,0x00000000ef000000,0x00000000ef500000)
 ParOldGen       total 86016K, used 12730K [0x00000000c0000000, 0x00000000c5400000, 0x00000000eab00000)
  object space 86016K, 14% used [0x00000000c0000000,0x00000000c0c6e858,0x00000000c5400000)
 Metaspace       used 12910K, capacity 13026K, committed 13184K, reserved 1060864K
  class space    used 1284K, capacity 1333K, committed 1408K, reserved 1048576K
}
Event: 1.456 GC heap before
{Heap before GC invocations=4 (full 0):
 PSYoungGen      total 37888K, used 37872K [0x00000000eab00000, 0x00000000ef500000, 0x0000000100000000)
  eden space 32768K, 100% used [0x00000000eab00000,0x00000000ecb00000,0x00000000ecb00000)
  from space 5120K, 99% used [0x00000000ecb00000,0x00000000ecffc070,0x00000000ed000000)
  to   space 5120K, 0% used [0x00000000ef000000,0x00000000ef000000,0x00000000ef500000)
 ParOldGen       total 86016K, used 12730K [0x00000000c0000000, 0x00000000c5400000, 0x00000000eab00000)
  object space 86016K, 14% used [0x00000000c0000000,0x00000000c0c6e858,0x00000000c5400000)
 Metaspace       used 14226K, capacity 14306K, committed 14592K, reserved 1062912K
  class space    used 1425K, capacity 1461K, committed 1536K, reserved 1048576K
Event: 1.463 GC heap after
Heap after GC invocations=4 (full 0):
 PSYoungGen      total 70656K, used 5107K [0x00000000eab00000, 0x00000000ef500000, 0x0000000100000000)
  eden space 65536K, 0% used [0x00000000eab00000,0x00000000eab00000,0x00000000eeb00000)
  from space 5120K, 99% used [0x00000000ef000000,0x00000000ef4fcff8,0x00000000ef500000)
  to   space 5120K, 0% used [0x00000000eeb00000,0x00000000eeb00000,0x00000000ef000000)
 ParOldGen       total 86016K, used 16001K [0x00000000c0000000, 0x00000000c5400000, 0x00000000eab00000)
  object space 86016K, 18% used [0x00000000c0000000,0x00000000c0fa0798,0x00000000c5400000)
 Metaspace       used 14226K, capacity 14306K, committed 14592K, reserved 1062912K
  class space    used 1425K, capacity 1461K, committed 1536K, reserved 1048576K
}
Event: 2.473 GC heap before
{Heap before GC invocations=5 (full 0):
 PSYoungGen      total 70656K, used 70643K [0x00000000eab00000, 0x00000000ef500000, 0x0000000100000000)
  eden space 65536K, 100% used [0x00000000eab00000,0x00000000eeb00000,0x00000000eeb00000)
  from space 5120K, 99% used [0x00000000ef000000,0x00000000ef4fcff8,0x00000000ef500000)
  to   space 5120K, 0% used [0x00000000eeb00000,0x00000000eeb00000,0x00000000ef000000)
 ParOldGen       total 86016K, used 16001K [0x00000000c0000000, 0x00000000c5400000, 0x00000000eab00000)
  object space 86016K, 18% used [0x00000000c0000000,0x00000000c0fa0798,0x00000000c5400000)
 Metaspace       used 18826K, capacity 19084K, committed 19328K, reserved 1067008K
  class space    used 2043K, capacity 2138K, committed 2176K, reserved 1048576K
Event: 2.493 GC heap after
Heap after GC invocations=5 (full 0):
 PSYoungGen      total 70656K, used 5088K [0x00000000eab00000, 0x00000000f5300000, 0x0000000100000000)
  eden space 65536K, 0% used [0x00000000eab00000,0x00000000eab00000,0x00000000eeb00000)
  from space 5120K, 99% used [0x00000000eeb00000,0x00000000eeff8080,0x00000000ef000000)
  to   space 20480K, 0% used [0x00000000f3f00000,0x00000000f3f00000,0x00000000f5300000)
 ParOldGen       total 86016K, used 31966K [0x00000000c0000000, 0x00000000c5400000, 0x00000000eab00000)
  object space 86016K, 37% used [0x00000000c0000000,0x00000000c1f37958,0x00000000c5400000)
 Metaspace       used 18826K, capacity 19084K, committed 19328K, reserved 1067008K
  class space    used 2043K, capacity 2138K, committed 2176K, reserved 1048576K
}
Event: 2.937 GC heap before
{Heap before GC invocations=6 (full 0):
 PSYoungGen      total 70656K, used 18149K [0x00000000eab00000, 0x00000000f5300000, 0x0000000100000000)
  eden space 65536K, 19% used [0x00000000eab00000,0x00000000eb7c15f8,0x00000000eeb00000)
  from space 5120K, 99% used [0x00000000eeb00000,0x00000000eeff8080,0x00000000ef000000)
  to   space 20480K, 0% used [0x00000000f3f00000,0x00000000f3f00000,0x00000000f5300000)
 ParOldGen       total 86016K, used 31966K [0x00000000c0000000, 0x00000000c5400000, 0x00000000eab00000)
  object space 86016K, 37% used [0x00000000c0000000,0x00000000c1f37958,0x00000000c5400000)
 Metaspace       used 20765K, capacity 21098K, committed 21296K, reserved 1069056K
  class space    used 2250K, capacity 2375K, committed 2432K, reserved 1048576K
Event: 2.946 GC heap after
Heap after GC invocations=6 (full 0):
 PSYoungGen      total 150528K, used 7605K [0x00000000eab00000, 0x00000000f5200000, 0x0000000100000000)
  eden space 131072K, 0% used [0x00000000eab00000,0x00000000eab00000,0x00000000f2b00000)
  from space 19456K, 39% used [0x00000000f3f00000,0x00000000f466d668,0x00000000f5200000)
  to   space 19968K, 0% used [0x00000000f2b00000,0x00000000f2b00000,0x00000000f3e80000)
 ParOldGen       total 86016K, used 31974K [0x00000000c0000000, 0x00000000c5400000, 0x00000000eab00000)
  object space 86016K, 37% used [0x00000000c0000000,0x00000000c1f39958,0x00000000c5400000)
 Metaspace       used 20765K, capacity 21098K, committed 21296K, reserved 1069056K
  class space    used 2250K, capacity 2375K, committed 2432K, reserved 1048576K
}
Event: 2.946 GC heap before
{Heap before GC invocations=7 (full 1):
 PSYoungGen      total 150528K, used 7605K [0x00000000eab00000, 0x00000000f5200000, 0x0000000100000000)
  eden space 131072K, 0% used [0x00000000eab00000,0x00000000eab00000,0x00000000f2b00000)
  from space 19456K, 39% used [0x00000000f3f00000,0x00000000f466d668,0x00000000f5200000)
  to   space 19968K, 0% used [0x00000000f2b00000,0x00000000f2b00000,0x00000000f3e80000)
 ParOldGen       total 86016K, used 31974K [0x00000000c0000000, 0x00000000c5400000, 0x00000000eab00000)
  object space 86016K, 37% used [0x00000000c0000000,0x00000000c1f39958,0x00000000c5400000)
 Metaspace       used 20765K, capacity 21098K, committed 21296K, reserved 1069056K
  class space    used 2250K, capacity 2375K, committed 2432K, reserved 1048576K
Event: 3.007 GC heap after
Heap after GC invocations=7 (full 1):
 PSYoungGen      total 150528K, used 0K [0x00000000eab00000, 0x00000000f5200000, 0x0000000100000000)
  eden space 131072K, 0% used [0x00000000eab00000,0x00000000eab00000,0x00000000f2b00000)
  from space 19456K, 0% used [0x00000000f3f00000,0x00000000f3f00000,0x00000000f5200000)
  to   space 19968K, 0% used [0x00000000f2b00000,0x00000000f2b00000,0x00000000f3e80000)
 ParOldGen       total 86528K, used 21545K [0x00000000c0000000, 0x00000000c5480000, 0x00000000eab00000)
  object space 86528K, 24% used [0x00000000c0000000,0x00000000c150a488,0x00000000c5480000)
 Metaspace       used 20765K, capacity 21098K, committed 21296K, reserved 1069056K
  class space    used 2250K, capacity 2375K, committed 2432K, reserved 1048576K
}

